q:\vsrepos\oblig1\assignment1\oblig1\x64\debug\vc143.pdb
q:\vsrepos\oblig1\assignment1\oblig1\x64\debug\vc143.idb
q:\vsrepos\oblig1\assignment1\oblig1\x64\debug\trafficlight.obj
q:\vsrepos\oblig1\assignment1\oblig1\x64\debug\source.obj
q:\vsrepos\oblig1\assignment1\oblig1\x64\debug\oblig1.obj
q:\vsrepos\oblig1\assignment1\oblig1\x64\debug\cars.obj
q:\vsrepos\oblig1\assignment1\oblig1\x64\debug\car.obj
q:\vsrepos\oblig1\assignment1\oblig1\x64\debug\oblig1.ilk
q:\vsrepos\oblig1\assignment1\oblig1\x64\debug\oblig1.exe
q:\vsrepos\oblig1\assignment1\oblig1\x64\debug\oblig1.pdb
q:\vsrepos\oblig1\assignment1\oblig1\x64\debug\oblig1.res
q:\vsrepos\oblig1\assignment1\oblig1\x64\debug\oblig1.tlog\cl.command.1.tlog
q:\vsrepos\oblig1\assignment1\oblig1\x64\debug\oblig1.tlog\cl.read.1.tlog
q:\vsrepos\oblig1\assignment1\oblig1\x64\debug\oblig1.tlog\cl.write.1.tlog
q:\vsrepos\oblig1\assignment1\oblig1\x64\debug\oblig1.tlog\link.command.1.tlog
q:\vsrepos\oblig1\assignment1\oblig1\x64\debug\oblig1.tlog\link.read.1.tlog
q:\vsrepos\oblig1\assignment1\oblig1\x64\debug\oblig1.tlog\link.write.1.tlog
q:\vsrepos\oblig1\assignment1\oblig1\x64\debug\oblig1.tlog\rc.command.1.tlog
q:\vsrepos\oblig1\assignment1\oblig1\x64\debug\oblig1.tlog\rc.read.1.tlog
q:\vsrepos\oblig1\assignment1\oblig1\x64\debug\oblig1.tlog\rc.write.1.tlog
